SistemasDistribuidos/trabalho_AplicacaoMovel_AndroidStudio/Android_Chat_Firebase/app/build/intermediates/manifest_merge_blame_file/release/manifest-merger-blame-release-report.txt
1<?xml version="1.0" encoding="utf-8"?>
2<manifest xmlns:android="http://schemas.android.com/apk/res/android"
3    package="com.example.easychat"
4    android:versionCode="1"
5    android:versionName="1.0" >
6
7    <uses-sdk
8        android:minSdkVersion="26"
9        android:targetSdkVersion="33" />
10
11    <queries>
11-->[com.github.dhaval2404:imagepicker:2.1] AndroidManifest.xml:9:5-19:15
12
13        <!-- Query Camera Packages -->
14        <intent>
14-->[com.github.dhaval2404:imagepicker:2.1] AndroidManifest.xml:12:9-14:18
15            <action android:name="android.media.action.IMAGE_CAPTURE" />
15-->[com.github.dhaval2404:imagepicker:2.1] AndroidManifest.xml:13:13-73
15-->[com.github.dhaval2404:imagepicker:2.1] AndroidManifest.xml:13:21-70
16        </intent>
17        <!-- Query Open Document -->
18        <intent>
18-->[com.github.dhaval2404:imagepicker:2.1] AndroidManifest.xml:16:9-18:18
19            <action android:name="android.intent.action.OPEN_DOCUMENT_TREE" />
19-->[com.github.dhaval2404:imagepicker:2.1] AndroidManifest.xml:17:13-79
19-->[com.github.dhaval2404:imagepicker:2.1] AndroidManifest.xml:17:21-76
20        </intent>
21    </queries>
22
23    <uses-permission android:name="android.permission.INTERNET" /> <!-- Although the *SdkVersion is captured in gradle build files, this is required for non gradle builds -->
23-->[com.firebaseui:firebase-ui-firestore:8.0.2] AndroidManifest.xml:9:5-67
23-->[com.firebaseui:firebase-ui-firestore:8.0.2] AndroidManifest.xml:9:22-64
24    <!-- <uses-sdk android:minSdkVersion="14" /> -->
25    <uses-permission android:name="android.permission.ACCESS_NETWORK_STATE" />
25-->[com.google.firebase:firebase-firestore:24.9.1] AndroidManifest.xml:10:5-79
25-->[com.google.firebase:firebase-firestore:24.9.1] AndroidManifest.xml:10:22-76
26    <uses-permission android:name="android.permission.POST_NOTIFICATIONS" />
26-->[com.google.firebase:firebase-messaging:23.1.2] AndroidManifest.xml:25:5-77
26-->[com.google.firebase:firebase-messaging:23.1.2] AndroidManifest.xml:25:22-74
27    <uses-permission android:name="android.permission.WAKE_LOCK" /> <!-- Required by older versions of Google Play services to create IID tokens -->
27-->[com.google.firebase:firebase-messaging:23.1.2] AndroidManifest.xml:26:5-68
27-->[com.google.firebase:firebase-messaging:23.1.2] AndroidManifest.xml:26:22-65
28    <uses-permission android:name="com.google.android.c2dm.permission.RECEIVE" />
28-->[com.google.firebase:firebase-messaging:23.1.2] AndroidManifest.xml:28:5-82
28-->[com.google.firebase:firebase-messaging:23.1.2] AndroidManifest.xml:28:22-79
29
30    <permission
30-->[androidx.core:core:1.9.0] AndroidManifest.xml:22:5-24:47
31        android:name="com.example.easychat.DYNAMIC_RECEIVER_NOT_EXPORTED_PERMISSION"
31-->[androidx.core:core:1.9.0] AndroidManifest.xml:23:9-81
32        android:protectionLevel="signature" />
32-->[androidx.core:core:1.9.0] AndroidManifest.xml:24:9-44
33
34    <uses-permission android:name="com.example.easychat.DYNAMIC_RECEIVER_NOT_EXPORTED_PERMISSION" />
34-->[androidx.core:core:1.9.0] AndroidManifest.xml:26:5-97
34-->[androidx.core:core:1.9.0] AndroidManifest.xml:26:22-94
35
36    <application
36-->src\main\AndroidManifest.xml:5:5-81:19
37        android:allowBackup="true"
37-->src\main\AndroidManifest.xml:6:9-35
38        android:appComponentFactory="androidx.core.app.CoreComponentFactory"
38-->[androidx.core:core:1.9.0] AndroidManifest.xml:28:18-86
39        android:dataExtractionRules="@xml/data_extraction_rules"
39-->src\main\AndroidManifest.xml:7:9-65
40        android:extractNativeLibs="false"
41        android:fullBackupContent="@xml/backup_rules"
41-->src\main\AndroidManifest.xml:8:9-54
42        android:icon="@mipmap/ic_launcher"
42-->src\main\AndroidManifest.xml:9:9-43
43        android:label="@string/app_name"
43-->src\main\AndroidManifest.xml:10:9-41
44        android:roundIcon="@mipmap/ic_launcher_round"
44-->src\main\AndroidManifest.xml:11:9-54
45        android:supportsRtl="true"
45-->src\main\AndroidManifest.xml:12:9-35
46        android:theme="@style/Theme.EasyChat" >
46-->src\main\AndroidManifest.xml:13:9-46
47        <meta-data
47-->src\main\AndroidManifest.xml:16:9-17:57
48            android:name="com.google.firebase.messaging.default_notification_icon"
48-->src\main\AndroidManifest.xml:16:20-90
49            android:resource="@drawable/launcher_icon" />
49-->src\main\AndroidManifest.xml:17:13-55
50        <meta-data
50-->src\main\AndroidManifest.xml:18:9-19:51
51            android:name="com.google.firebase.messaging.default_notification_color"
51-->src\main\AndroidManifest.xml:18:20-91
52            android:resource="@color/my_primary" />
52-->src\main\AndroidManifest.xml:19:13-49
53
54        <activity
54-->src\main\AndroidManifest.xml:21:9-27:20
55            android:name="com.example.easychat.ChatActivity"
55-->src\main\AndroidManifest.xml:22:13-41
56            android:exported="false" >
56-->src\main\AndroidManifest.xml:23:13-37
57            <meta-data
57-->src\main\AndroidManifest.xml:24:13-26:36
58                android:name="android.app.lib_name"
58-->src\main\AndroidManifest.xml:25:17-52
59                android:value="" />
59-->src\main\AndroidManifest.xml:26:17-33
60        </activity>
61        <activity
61-->src\main\AndroidManifest.xml:28:9-34:20
62            android:name="com.example.easychat.SearchUserActivity"
62-->src\main\AndroidManifest.xml:29:13-47
63            android:exported="false" >
63-->src\main\AndroidManifest.xml:30:13-37
64            <meta-data
64-->src\main\AndroidManifest.xml:24:13-26:36
65                android:name="android.app.lib_name"
65-->src\main\AndroidManifest.xml:25:17-52
66                android:value="" />
66-->src\main\AndroidManifest.xml:26:17-33
67        </activity>
68        <activity
68-->src\main\AndroidManifest.xml:35:9-41:20
69            android:name="com.example.easychat.LoginUsernameActivity"
69-->src\main\AndroidManifest.xml:36:13-50
70            android:exported="false" >
70-->src\main\AndroidManifest.xml:37:13-37
71            <meta-data
71-->src\main\AndroidManifest.xml:24:13-26:36
72                android:name="android.app.lib_name"
72-->src\main\AndroidManifest.xml:25:17-52
73                android:value="" />
73-->src\main\AndroidManifest.xml:26:17-33
74        </activity>
75        <activity
75-->src\main\AndroidManifest.xml:42:9-48:20
76            android:name="com.example.easychat.LoginOtpActivity"
76-->src\main\AndroidManifest.xml:43:13-45
77            android:exported="false" >
77-->src\main\AndroidManifest.xml:44:13-37
78            <meta-data
78-->src\main\AndroidManifest.xml:24:13-26:36
79                android:name="android.app.lib_name"
79-->src\main\AndroidManifest.xml:25:17-52
80                android:value="" />
80-->src\main\AndroidManifest.xml:26:17-33
81        </activity>
82        <activity
82-->src\main\AndroidManifest.xml:49:9-55:20
83            android:name="com.example.easychat.LoginPhoneNumberActivity"
83-->src\main\AndroidManifest.xml:50:13-53
84            android:exported="false" >
84-->src\main\AndroidManifest.xml:51:13-37
85            <meta-data
85-->src\main\AndroidManifest.xml:24:13-26:36
86                android:name="android.app.lib_name"
86-->src\main\AndroidManifest.xml:25:17-52
87                android:value="" />
87-->src\main\AndroidManifest.xml:26:17-33
88        </activity>
89        <activity
89-->src\main\AndroidManifest.xml:56:9-68:20
90            android:name="com.example.easychat.SplashActivity"
90-->src\main\AndroidManifest.xml:57:13-43
91            android:exported="true" >
91-->src\main\AndroidManifest.xml:58:13-36
92            <intent-filter>
92-->src\main\AndroidManifest.xml:59:13-63:29
93                <action android:name="android.intent.action.MAIN" />
93-->src\main\AndroidManifest.xml:60:17-69
93-->src\main\AndroidManifest.xml:60:25-66
94
95                <category android:name="android.intent.category.LAUNCHER" />
95-->src\main\AndroidManifest.xml:62:17-77
95-->src\main\AndroidManifest.xml:62:27-74
96            </intent-filter>
97
98            <meta-data
98-->src\main\AndroidManifest.xml:24:13-26:36
99                android:name="android.app.lib_name"
99-->src\main\AndroidManifest.xml:25:17-52
100                android:value="" />
100-->src\main\AndroidManifest.xml:26:17-33
101        </activity>
102        <activity
102-->src\main\AndroidManifest.xml:69:9-75:20
103            android:name="com.example.easychat.MainActivity"
103-->src\main\AndroidManifest.xml:70:13-41
104            android:exported="false" >
104-->src\main\AndroidManifest.xml:71:13-37
105            <meta-data
105-->src\main\AndroidManifest.xml:24:13-26:36
106                android:name="android.app.lib_name"
106-->src\main\AndroidManifest.xml:25:17-52
107                android:value="" />
107-->src\main\AndroidManifest.xml:26:17-33
108        </activity>
109
110        <service
110-->src\main\AndroidManifest.xml:76:9-80:19
111            android:name="com.example.easychat.FCMNotificationService"
111-->src\main\AndroidManifest.xml:76:18-56
112            android:exported="false" >
112-->src\main\AndroidManifest.xml:76:57-81
113            <intent-filter>
113-->src\main\AndroidManifest.xml:77:13-79:29
114                <action android:name="com.google.firebase.MESSAGING_EVENT" />
114-->src\main\AndroidManifest.xml:78:17-77
114-->src\main\AndroidManifest.xml:78:25-75
115            </intent-filter>
116        </service>
117
118        <activity
118-->[com.github.dhaval2404:imagepicker:2.1] AndroidManifest.xml:22:9-25:68
119            android:name="com.github.dhaval2404.imagepicker.ImagePickerActivity"
119-->[com.github.dhaval2404:imagepicker:2.1] AndroidManifest.xml:23:13-81
120            android:screenOrientation="unspecified"
120-->[com.github.dhaval2404:imagepicker:2.1] AndroidManifest.xml:24:13-52
121            android:theme="@style/Theme.Transparent.ImagePicker" />
121-->[com.github.dhaval2404:imagepicker:2.1] AndroidManifest.xml:25:13-65
122        <activity
122-->[com.github.dhaval2404:imagepicker:2.1] AndroidManifest.xml:26:9-29:72
123            android:name="com.yalantis.ucrop.UCropActivity"
123-->[com.github.dhaval2404:imagepicker:2.1] AndroidManifest.xml:27:13-60
124            android:screenOrientation="portrait"
124-->[com.github.dhaval2404:imagepicker:2.1] AndroidManifest.xml:28:13-49
125            android:theme="@style/Theme.AppCompat.Light.NoActionBar" />
125-->[com.github.dhaval2404:imagepicker:2.1] AndroidManifest.xml:29:13-69
126
127        <provider
127-->[com.github.dhaval2404:imagepicker:2.1] AndroidManifest.xml:31:9-39:20
128            android:name="com.github.dhaval2404.imagepicker.ImagePickerFileProvider"
128-->[com.github.dhaval2404:imagepicker:2.1] AndroidManifest.xml:32:13-85
129            android:authorities="com.example.easychat.imagepicker.provider"
129-->[com.github.dhaval2404:imagepicker:2.1] AndroidManifest.xml:33:13-72
130            android:exported="false"
130-->[com.github.dhaval2404:imagepicker:2.1] AndroidManifest.xml:34:13-37
131            android:grantUriPermissions="true" >
131-->[com.github.dhaval2404:imagepicker:2.1] AndroidManifest.xml:35:13-47
132            <meta-data
132-->[com.github.dhaval2404:imagepicker:2.1] AndroidManifest.xml:36:13-38:71
133                android:name="android.support.FILE_PROVIDER_PATHS"
133-->[com.github.dhaval2404:imagepicker:2.1] AndroidManifest.xml:37:17-67
134                android:resource="@xml/image_picker_provider_paths" />
134-->[com.github.dhaval2404:imagepicker:2.1] AndroidManifest.xml:38:17-68
135        </provider>
136
137        <service
137-->[com.google.firebase:firebase-firestore-ktx:24.9.1] AndroidManifest.xml:9:9-15:19
138            android:name="com.google.firebase.components.ComponentDiscoveryService"
138-->[com.google.firebase:firebase-firestore-ktx:24.9.1] AndroidManifest.xml:10:13-84
139            android:directBootAware="true"
139-->[com.google.firebase:firebase-common:20.4.2] AndroidManifest.xml:32:13-43
140            android:exported="false" >
140-->[com.google.firebase:firebase-firestore-ktx:24.9.1] AndroidManifest.xml:11:13-37
141            <meta-data
141-->[com.google.firebase:firebase-firestore-ktx:24.9.1] AndroidManifest.xml:12:13-14:85
142                android:name="com.google.firebase.components:com.google.firebase.firestore.ktx.FirebaseFirestoreLegacyRegistrar"
142-->[com.google.firebase:firebase-firestore-ktx:24.9.1] AndroidManifest.xml:13:17-129
143                android:value="com.google.firebase.components.ComponentRegistrar" />
143-->[com.google.firebase:firebase-firestore-ktx:24.9.1] AndroidManifest.xml:14:17-82
144            <meta-data
144-->[com.google.firebase:firebase-storage-ktx:20.1.0] AndroidManifest.xml:14:13-16:85
145                android:name="com.google.firebase.components:com.google.firebase.storage.ktx.FirebaseStorageKtxRegistrar"
145-->[com.google.firebase:firebase-storage-ktx:20.1.0] AndroidManifest.xml:15:17-122
146                android:value="com.google.firebase.components.ComponentRegistrar" />
146-->[com.google.firebase:firebase-storage-ktx:20.1.0] AndroidManifest.xml:16:17-82
147            <meta-data
147-->[com.google.firebase:firebase-messaging-ktx:23.1.2] AndroidManifest.xml:28:13-30:85
148                android:name="com.google.firebase.components:com.google.firebase.messaging.ktx.FirebaseMessagingKtxRegistrar"
148-->[com.google.firebase:firebase-messaging-ktx:23.1.2] AndroidManifest.xml:29:17-126
149                android:value="com.google.firebase.components.ComponentRegistrar" />
149-->[com.google.firebase:firebase-messaging-ktx:23.1.2] AndroidManifest.xml:30:17-82
150            <meta-data
150-->[com.google.firebase:firebase-firestore:24.9.1] AndroidManifest.xml:17:13-19:85
151                android:name="com.google.firebase.components:com.google.firebase.firestore.FirebaseFirestoreKtxRegistrar"
151-->[com.google.firebase:firebase-firestore:24.9.1] AndroidManifest.xml:18:17-122
152                android:value="com.google.firebase.components.ComponentRegistrar" />
152-->[com.google.firebase:firebase-firestore:24.9.1] AndroidManifest.xml:19:17-82
153            <meta-data
153-->[com.google.firebase:firebase-firestore:24.9.1] AndroidManifest.xml:20:13-22:85
154                android:name="com.google.firebase.components:com.google.firebase.firestore.FirestoreRegistrar"
154-->[com.google.firebase:firebase-firestore:24.9.1] AndroidManifest.xml:21:17-111
155                android:value="com.google.firebase.components.ComponentRegistrar" />
155-->[com.google.firebase:firebase-firestore:24.9.1] AndroidManifest.xml:22:17-82
156            <meta-data
156-->[com.google.firebase:firebase-auth:21.1.0] AndroidManifest.xml:67:13-69:85
157                android:name="com.google.firebase.components:com.google.firebase.auth.FirebaseAuthRegistrar"
157-->[com.google.firebase:firebase-auth:21.1.0] AndroidManifest.xml:68:17-109
158                android:value="com.google.firebase.components.ComponentRegistrar" />
158-->[com.google.firebase:firebase-auth:21.1.0] AndroidManifest.xml:69:17-82
159            <meta-data
159-->[com.google.firebase:firebase-messaging:23.1.2] AndroidManifest.xml:55:13-57:85
160                android:name="com.google.firebase.components:com.google.firebase.messaging.FirebaseMessagingRegistrar"
160-->[com.google.firebase:firebase-messaging:23.1.2] AndroidManifest.xml:56:17-119
161                android:value="com.google.firebase.components.ComponentRegistrar" />
161-->[com.google.firebase:firebase-messaging:23.1.2] AndroidManifest.xml:57:17-82
162            <meta-data
162-->[com.google.firebase:firebase-datatransport:18.1.7] AndroidManifest.xml:27:13-29:85
163                android:name="com.google.firebase.components:com.google.firebase.datatransport.TransportRegistrar"
163-->[com.google.firebase:firebase-datatransport:18.1.7] AndroidManifest.xml:28:17-115
164                android:value="com.google.firebase.components.ComponentRegistrar" />
164-->[com.google.firebase:firebase-datatransport:18.1.7] AndroidManifest.xml:29:17-82
165            <meta-data
165-->[com.google.firebase:firebase-common-ktx:20.4.2] AndroidManifest.xml:12:13-14:85
166                android:name="com.google.firebase.components:com.google.firebase.ktx.FirebaseCommonLegacyRegistrar"
166-->[com.google.firebase:firebase-common-ktx:20.4.2] AndroidManifest.xml:13:17-116
167                android:value="com.google.firebase.components.ComponentRegistrar" />
167-->[com.google.firebase:firebase-common-ktx:20.4.2] AndroidManifest.xml:14:17-82
168            <meta-data
168-->[com.google.firebase:firebase-storage:20.1.0] AndroidManifest.xml:32:13-34:85
169                android:name="com.google.firebase.components:com.google.firebase.storage.StorageRegistrar"
169-->[com.google.firebase:firebase-storage:20.1.0] AndroidManifest.xml:33:17-107
170                android:value="com.google.firebase.components.ComponentRegistrar" />
170-->[com.google.firebase:firebase-storage:20.1.0] AndroidManifest.xml:34:17-82
171            <meta-data
171-->[com.google.firebase:firebase-installations:17.1.3] AndroidManifest.xml:17:13-19:85
172                android:name="com.google.firebase.components:com.google.firebase.installations.FirebaseInstallationsRegistrar"
172-->[com.google.firebase:firebase-installations:17.1.3] AndroidManifest.xml:18:17-127
173                android:value="com.google.firebase.components.ComponentRegistrar" />
173-->[com.google.firebase:firebase-installations:17.1.3] AndroidManifest.xml:19:17-82
174            <meta-data
174-->[com.google.firebase:firebase-common:20.4.2] AndroidManifest.xml:35:13-37:85
175                android:name="com.google.firebase.components:com.google.firebase.FirebaseCommonKtxRegistrar"
175-->[com.google.firebase:firebase-common:20.4.2] AndroidManifest.xml:36:17-109
176                android:value="com.google.firebase.components.ComponentRegistrar" />
176-->[com.google.firebase:firebase-common:20.4.2] AndroidManifest.xml:37:17-82
177        </service>
178
179        <activity
179-->[com.google.firebase:firebase-auth:21.1.0] AndroidManifest.xml:27:9-44:20
180            android:name="com.google.firebase.auth.internal.GenericIdpActivity"
180-->[com.google.firebase:firebase-auth:21.1.0] AndroidManifest.xml:28:13-80
181            android:excludeFromRecents="true"
181-->[com.google.firebase:firebase-auth:21.1.0] AndroidManifest.xml:29:13-46
182            android:exported="true"
182-->[com.google.firebase:firebase-auth:21.1.0] AndroidManifest.xml:30:13-36
183            android:launchMode="singleTask"
183-->[com.google.firebase:firebase-auth:21.1.0] AndroidManifest.xml:31:13-44
184            android:theme="@android:style/Theme.Translucent.NoTitleBar" >
184-->[com.google.firebase:firebase-auth:21.1.0] AndroidManifest.xml:32:13-72
185            <intent-filter>
185-->[com.google.firebase:firebase-auth:21.1.0] AndroidManifest.xml:33:13-43:29
186                <action android:name="android.intent.action.VIEW" />
186-->[com.google.firebase:firebase-auth:21.1.0] AndroidManifest.xml:34:17-69
186-->[com.google.firebase:firebase-auth:21.1.0] AndroidManifest.xml:34:25-66
187
188                <category android:name="android.intent.category.DEFAULT" />
188-->[com.google.firebase:firebase-auth:21.1.0] AndroidManifest.xml:36:17-76
188-->[com.google.firebase:firebase-auth:21.1.0] AndroidManifest.xml:36:27-73
189                <category android:name="android.intent.category.BROWSABLE" />
189-->[com.google.firebase:firebase-auth:21.1.0] AndroidManifest.xml:37:17-78
189-->[com.google.firebase:firebase-auth:21.1.0] AndroidManifest.xml:37:27-75
190
191                <data
191-->[com.google.firebase:firebase-auth:21.1.0] AndroidManifest.xml:39:17-42:51
192                    android:host="firebase.auth"
192-->[com.google.firebase:firebase-auth:21.1.0] AndroidManifest.xml:40:21-49
193                    android:path="/"
193-->[com.google.firebase:firebase-auth:21.1.0] AndroidManifest.xml:41:21-37
194                    android:scheme="genericidp" />
194-->[com.google.firebase:firebase-auth:21.1.0] AndroidManifest.xml:42:21-48
195            </intent-filter>
196        </activity>
197        <activity
197-->[com.google.firebase:firebase-auth:21.1.0] AndroidManifest.xml:45:9-62:20
198            android:name="com.google.firebase.auth.internal.RecaptchaActivity"
198-->[com.google.firebase:firebase-auth:21.1.0] AndroidManifest.xml:46:13-79
199            android:excludeFromRecents="true"
199-->[com.google.firebase:firebase-auth:21.1.0] AndroidManifest.xml:47:13-46
200            android:exported="true"
200-->[com.google.firebase:firebase-auth:21.1.0] AndroidManifest.xml:48:13-36
201            android:launchMode="singleTask"
201-->[com.google.firebase:firebase-auth:21.1.0] AndroidManifest.xml:49:13-44
202            android:theme="@android:style/Theme.Translucent.NoTitleBar" >
202-->[com.google.firebase:firebase-auth:21.1.0] AndroidManifest.xml:50:13-72
203            <intent-filter>
203-->[com.google.firebase:firebase-auth:21.1.0] AndroidManifest.xml:51:13-61:29
204                <action android:name="android.intent.action.VIEW" />
204-->[com.google.firebase:firebase-auth:21.1.0] AndroidManifest.xml:34:17-69
204-->[com.google.firebase:firebase-auth:21.1.0] AndroidManifest.xml:34:25-66
205
206                <category android:name="android.intent.category.DEFAULT" />
206-->[com.google.firebase:firebase-auth:21.1.0] AndroidManifest.xml:36:17-76
206-->[com.google.firebase:firebase-auth:21.1.0] AndroidManifest.xml:36:27-73
207                <category android:name="android.intent.category.BROWSABLE" />
207-->[com.google.firebase:firebase-auth:21.1.0] AndroidManifest.xml:37:17-78
207-->[com.google.firebase:firebase-auth:21.1.0] AndroidManifest.xml:37:27-75
208
209                <data
209-->[com.google.firebase:firebase-auth:21.1.0] AndroidManifest.xml:39:17-42:51
210                    android:host="firebase.auth"
210-->[com.google.firebase:firebase-auth:21.1.0] AndroidManifest.xml:40:21-49
211                    android:path="/"
211-->[com.google.firebase:firebase-auth:21.1.0] AndroidManifest.xml:41:21-37
212                    android:scheme="recaptcha" />
212-->[com.google.firebase:firebase-auth:21.1.0] AndroidManifest.xml:42:21-48
213            </intent-filter>
214        </activity>
215
216        <receiver
216-->[com.google.firebase:firebase-messaging:23.1.2] AndroidManifest.xml:31:9-38:20
217            android:name="com.google.firebase.iid.FirebaseInstanceIdReceiver"
217-->[com.google.firebase:firebase-messaging:23.1.2] AndroidManifest.xml:32:13-78
218            android:exported="true"
218-->[com.google.firebase:firebase-messaging:23.1.2] AndroidManifest.xml:33:13-36
219            android:permission="com.google.android.c2dm.permission.SEND" >
219-->[com.google.firebase:firebase-messaging:23.1.2] AndroidManifest.xml:34:13-73
220            <intent-filter>
220-->[com.google.firebase:firebase-messaging:23.1.2] AndroidManifest.xml:35:13-37:29
221                <action android:name="com.google.android.c2dm.intent.RECEIVE" />
221-->[com.google.firebase:firebase-messaging:23.1.2] AndroidManifest.xml:36:17-81
221-->[com.google.firebase:firebase-messaging:23.1.2] AndroidManifest.xml:36:25-78
222            </intent-filter>
223        </receiver>
224        <!--
225             FirebaseMessagingService performs security checks at runtime,
226             but set to not exported to explicitly avoid allowing another app to call it.
227        -->
228        <service
228-->[com.google.firebase:firebase-messaging:23.1.2] AndroidManifest.xml:44:9-51:19
229            android:name="com.google.firebase.messaging.FirebaseMessagingService"
229-->[com.google.firebase:firebase-messaging:23.1.2] AndroidManifest.xml:45:13-82
230            android:directBootAware="true"
230-->[com.google.firebase:firebase-messaging:23.1.2] AndroidManifest.xml:46:13-43
231            android:exported="false" >
231-->[com.google.firebase:firebase-messaging:23.1.2] AndroidManifest.xml:47:13-37
232            <intent-filter android:priority="-500" >
232-->src\main\AndroidManifest.xml:77:13-79:29
233                <action android:name="com.google.firebase.MESSAGING_EVENT" />
233-->src\main\AndroidManifest.xml:78:17-77
233-->src\main\AndroidManifest.xml:78:25-75
234            </intent-filter>
235        </service>
236        <service
236-->[com.google.android.datatransport:transport-backend-cct:3.1.8] AndroidManifest.xml:28:9-34:19
237            android:name="com.google.android.datatransport.runtime.backends.TransportBackendDiscovery"
237-->[com.google.android.datatransport:transport-backend-cct:3.1.8] AndroidManifest.xml:29:13-103
238            android:exported="false" >
238-->[com.google.android.datatransport:transport-backend-cct:3.1.8] AndroidManifest.xml:30:13-37
239            <meta-data
239-->[com.google.android.datatransport:transport-backend-cct:3.1.8] AndroidManifest.xml:31:13-33:39
240                android:name="backend:com.google.android.datatransport.cct.CctBackendFactory"
240-->[com.google.android.datatransport:transport-backend-cct:3.1.8] AndroidManifest.xml:32:17-94
241                android:value="cct" />
241-->[com.google.android.datatransport:transport-backend-cct:3.1.8] AndroidManifest.xml:33:17-36
242        </service>
243        <service
243-->[com.google.android.datatransport:transport-runtime:3.1.8] AndroidManifest.xml:26:9-30:19
244            android:name="com.google.android.datatransport.runtime.scheduling.jobscheduling.JobInfoSchedulerService"
244-->[com.google.android.datatransport:transport-runtime:3.1.8] AndroidManifest.xml:27:13-117
245            android:exported="false"
245-->[com.google.android.datatransport:transport-runtime:3.1.8] AndroidManifest.xml:28:13-37
246            android:permission="android.permission.BIND_JOB_SERVICE" >
246-->[com.google.android.datatransport:transport-runtime:3.1.8] AndroidManifest.xml:29:13-69
247        </service>
248
249        <receiver
249-->[com.google.android.datatransport:transport-runtime:3.1.8] AndroidManifest.xml:32:9-34:40
250            android:name="com.google.android.datatransport.runtime.scheduling.jobscheduling.AlarmManagerSchedulerBroadcastReceiver"
250-->[com.google.android.datatransport:transport-runtime:3.1.8] AndroidManifest.xml:33:13-132
251            android:exported="false" />
251-->[com.google.android.datatransport:transport-runtime:3.1.8] AndroidManifest.xml:34:13-37
252
253        <provider
253-->[com.google.firebase:firebase-common:20.4.2] AndroidManifest.xml:23:9-28:39
254            android:name="com.google.firebase.provider.FirebaseInitProvider"
254-->[com.google.firebase:firebase-common:20.4.2] AndroidManifest.xml:24:13-77
255            android:authorities="com.example.easychat.firebaseinitprovider"
255-->[com.google.firebase:firebase-common:20.4.2] AndroidManifest.xml:25:13-72
256            android:directBootAware="true"
256-->[com.google.firebase:firebase-common:20.4.2] AndroidManifest.xml:26:13-43
257            android:exported="false"
257-->[com.google.firebase:firebase-common:20.4.2] AndroidManifest.xml:27:13-37
258            android:initOrder="100" />
258-->[com.google.firebase:firebase-common:20.4.2] AndroidManifest.xml:28:13-36
259
260        <activity
260-->[com.google.android.gms:play-services-base:18.0.1] AndroidManifest.xml:20:9-22:45
261            android:name="com.google.android.gms.common.api.GoogleApiActivity"
261-->[com.google.android.gms:play-services-base:18.0.1] AndroidManifest.xml:20:19-85
262            android:exported="false"
262-->[com.google.android.gms:play-services-base:18.0.1] AndroidManifest.xml:22:19-43
263            android:theme="@android:style/Theme.Translucent.NoTitleBar" />
263-->[com.google.android.gms:play-services-base:18.0.1] AndroidManifest.xml:21:19-78
264
265        <meta-data
265-->[com.google.android.gms:play-services-basement:18.1.0] AndroidManifest.xml:21:9-23:69
266            android:name="com.google.android.gms.version"
266-->[com.google.android.gms:play-services-basement:18.1.0] AndroidManifest.xml:22:13-58
267            android:value="@integer/google_play_services_version" />
267-->[com.google.android.gms:play-services-basement:18.1.0] AndroidManifest.xml:23:13-66
268
269        <provider
269-->[androidx.emoji2:emoji2:1.2.0] AndroidManifest.xml:24:9-32:20
270            android:name="androidx.startup.InitializationProvider"
270-->[androidx.emoji2:emoji2:1.2.0] AndroidManifest.xml:25:13-67
271            android:authorities="com.example.easychat.androidx-startup"
271-->[androidx.emoji2:emoji2:1.2.0] AndroidManifest.xml:26:13-68
272            android:exported="false" >
272-->[androidx.emoji2:emoji2:1.2.0] AndroidManifest.xml:27:13-37
273            <meta-data
273-->[androidx.emoji2:emoji2:1.2.0] AndroidManifest.xml:29:13-31:52
274                android:name="androidx.emoji2.text.EmojiCompatInitializer"
274-->[androidx.emoji2:emoji2:1.2.0] AndroidManifest.xml:30:17-75
275                android:value="androidx.startup" />
275-->[androidx.emoji2:emoji2:1.2.0] AndroidManifest.xml:31:17-49
276            <meta-data
276-->[androidx.lifecycle:lifecycle-process:2.4.1] AndroidManifest.xml:31:13-33:52
277                android:name="androidx.lifecycle.ProcessLifecycleInitializer"
277-->[androidx.lifecycle:lifecycle-process:2.4.1] AndroidManifest.xml:32:17-78
278                android:value="androidx.startup" />
278-->[androidx.lifecycle:lifecycle-process:2.4.1] AndroidManifest.xml:33:17-49
279        </provider>
280    </application>
281
282</manifest>